<?xml version="1.0" encoding="utf-8"?><testsuites name="pytest tests"><testsuite name="pytest" errors="0" failures="0" skipped="0" tests="23" time="6.315" timestamp="2026-03-25T15:50:18.477394+00:00" hostname="agent-env-741addf3-9267-475c-a8bf-81f4bcbfd796"><testcase classname="backend.tests.test_agency_apis.TestAuthSetup" name="test_admin_login" time="0.452" /><testcase classname="backend.tests.test_agency_apis.TestAuthSetup" name="test_agency_owner_login" time="0.394" /><testcase classname="backend.tests.test_agency_apis.TestAgencyAPIs" name="test_list_agencies_admin" time="0.452" /><testcase classname="backend.tests.test_agency_apis.TestAgencyAPIs" name="test_list_agencies_filter_by_status" time="0.113" /><testcase classname="backend.tests.test_agency_apis.TestAgencyAPIs" name="test_list_agencies_unauthorized" time="0.454" /><testcase classname="backend.tests.test_agency_apis.TestAgencyAPIs" name="test_get_agency_details_owner" time="0.144" /><testcase classname="backend.tests.test_agency_apis.TestAgencyAPIs" name="test_get_agency_details_admin" time="0.112" /><testcase classname="backend.tests.test_agency_apis.TestAgencyAPIs" name="test_update_agency_owner" time="0.111" /><testcase classname="backend.tests.test_agency_apis.TestAgencyAPIs" name="test_agency_dashboard" time="0.131" /><testcase classname="backend.tests.test_agency_apis.TestAdminAgencyManagement" name="test_add_credit_to_agency" time="0.480" /><testcase classname="backend.tests.test_agency_apis.TestAdminAgencyManagement" name="test_debit_credit_from_agency" time="0.113" /><testcase classname="backend.tests.test_agency_apis.TestAdminAgencyManagement" name="test_update_commission_rate" time="0.247" /><testcase classname="backend.tests.test_agency_apis.TestAgencyUsers" name="test_list_agency_users" time="0.476" /><testcase classname="backend.tests.test_agency_apis.TestAgencyUsers" name="test_create_agency_user" time="0.404" /><testcase classname="backend.tests.test_agency_apis.TestAgencyUsers" name="test_update_agency_user" time="0.120" /><testcase classname="backend.tests.test_agency_apis.TestAgencyUsers" name="test_deactivate_agency_user" time="0.137" /><testcase classname="backend.tests.test_agency_apis.TestAgencyBookings" name="test_list_agency_bookings" time="0.498" /><testcase classname="backend.tests.test_agency_apis.TestAgencyBookings" name="test_list_agency_bookings_with_filter" time="0.112" /><testcase classname="backend.tests.test_agency_apis.TestAgencyTransactions" name="test_list_transactions" time="0.480" /><testcase classname="backend.tests.test_agency_apis.TestAgencyRegistration" name="test_agency_registration_requires_auth" time="0.112" /><testcase classname="backend.tests.test_agency_apis.TestAccessControl" name="test_agency_owner_cannot_access_other_agency" time="0.444" /><testcase classname="backend.tests.test_agency_apis.TestAccessControl" name="test_admin_credit_requires_admin_role" time="0.129" /><testcase classname="backend.tests.test_agency_apis.TestAccessControl" name="test_admin_commission_requires_admin_role" time="0.120" /></testsuite></testsuites>