<?xml version="1.0" encoding="utf-8"?><testsuites name="pytest tests"><testsuite name="pytest" errors="0" failures="0" skipped="0" tests="17" time="5.226" timestamp="2026-03-25T20:26:34.197540+00:00" hostname="agent-env-741addf3-9267-475c-a8bf-81f4bcbfd796"><testcase classname="backend.tests.test_cancellation_and_map.TestMarkets" name="test_markets_returns_200" time="0.256" /><testcase classname="backend.tests.test_cancellation_and_map.TestMarkets" name="test_markets_returns_20_markets" time="0.115" /><testcase classname="backend.tests.test_cancellation_and_map.TestMarkets" name="test_markets_have_required_fields" time="0.136" /><testcase classname="backend.tests.test_cancellation_and_map.TestMarkets" name="test_markets_include_turkey" time="0.114" /><testcase classname="backend.tests.test_cancellation_and_map.TestCancellationInfo" name="test_cancellation_info_requires_auth" time="0.121" /><testcase classname="backend.tests.test_cancellation_and_map.TestCancellationInfo" name="test_cancellation_info_returns_refund_preview" time="0.484" /><testcase classname="backend.tests.test_cancellation_and_map.TestCancellationInfo" name="test_cancellation_info_has_correct_structure" time="0.440" /><testcase classname="backend.tests.test_cancellation_and_map.TestCancellationInfo" name="test_cancellation_info_404_for_invalid_booking" time="0.467" /><testcase classname="backend.tests.test_cancellation_and_map.TestCancellationEndpoints" name="test_user_cancellations_requires_auth" time="0.137" /><testcase classname="backend.tests.test_cancellation_and_map.TestCancellationEndpoints" name="test_user_cancellations_returns_list" time="0.468" /><testcase classname="backend.tests.test_cancellation_and_map.TestCancellationEndpoints" name="test_admin_cancellations_requires_admin" time="0.458" /><testcase classname="backend.tests.test_cancellation_and_map.TestCancellationEndpoints" name="test_admin_cancellations_returns_list" time="0.502" /><testcase classname="backend.tests.test_cancellation_and_map.TestCancelBookingFlow" name="test_cancel_booking_requires_auth" time="0.119" /><testcase classname="backend.tests.test_cancellation_and_map.TestCancelBookingFlow" name="test_cancel_booking_404_for_invalid" time="0.443" /><testcase classname="backend.tests.test_cancellation_and_map.TestCancelBookingFlow" name="test_cancel_booking_success" time="0.583" /><testcase classname="backend.tests.test_cancellation_and_map.TestSearchForMapView" name="test_search_istanbul_returns_hotels" time="0.163" /><testcase classname="backend.tests.test_cancellation_and_map.TestSearchForMapView" name="test_search_results_have_map_data" time="0.151" /></testsuite></testsuites>