<?xml version="1.0" encoding="utf-8"?><testsuites name="pytest tests"><testsuite name="pytest" errors="0" failures="0" skipped="0" tests="20" time="4.087" timestamp="2026-03-25T20:50:55.453151+00:00" hostname="agent-env-741addf3-9267-475c-a8bf-81f4bcbfd796"><testcase classname="backend.tests.test_coupon_password_reset.TestCouponCRUD" name="test_list_coupons_requires_auth" time="0.164" /><testcase classname="backend.tests.test_coupon_password_reset.TestCouponCRUD" name="test_list_coupons_as_admin" time="0.458" /><testcase classname="backend.tests.test_coupon_password_reset.TestCouponCRUD" name="test_create_coupon_requires_auth" time="0.115" /><testcase classname="backend.tests.test_coupon_password_reset.TestCouponCRUD" name="test_create_coupon_as_admin" time="0.115" /><testcase classname="backend.tests.test_coupon_password_reset.TestCouponCRUD" name="test_create_duplicate_coupon_fails" time="0.104" /><testcase classname="backend.tests.test_coupon_password_reset.TestCouponCRUD" name="test_get_coupon_by_id" time="0.333" /><testcase classname="backend.tests.test_coupon_password_reset.TestCouponCRUD" name="test_update_coupon" time="0.238" /><testcase classname="backend.tests.test_coupon_password_reset.TestCouponCRUD" name="test_delete_coupon" time="0.351" /><testcase classname="backend.tests.test_coupon_password_reset.TestCouponValidation" name="test_validate_valid_coupon" time="0.150" /><testcase classname="backend.tests.test_coupon_password_reset.TestCouponValidation" name="test_validate_invalid_coupon" time="0.115" /><testcase classname="backend.tests.test_coupon_password_reset.TestCouponValidation" name="test_validate_expired_coupon" time="0.109" /><testcase classname="backend.tests.test_coupon_password_reset.TestCouponValidation" name="test_validate_coupon_min_amount" time="0.550" /><testcase classname="backend.tests.test_coupon_password_reset.TestPasswordReset" name="test_forgot_password_endpoint" time="0.103" /><testcase classname="backend.tests.test_coupon_password_reset.TestPasswordReset" name="test_forgot_password_nonexistent_email" time="0.116" /><testcase classname="backend.tests.test_coupon_password_reset.TestPasswordReset" name="test_verify_reset_token_invalid" time="0.127" /><testcase classname="backend.tests.test_coupon_password_reset.TestPasswordReset" name="test_reset_password_invalid_token" time="0.103" /><testcase classname="backend.tests.test_coupon_password_reset.TestPasswordReset" name="test_reset_password_short_password" time="0.103" /><testcase classname="backend.tests.test_coupon_password_reset.TestExchangeRates" name="test_get_exchange_rates" time="0.100" /><testcase classname="backend.tests.test_coupon_password_reset.TestCustomerCouponAccess" name="test_customer_cannot_list_coupons" time="0.455" /><testcase classname="backend.tests.test_coupon_password_reset.TestCustomerCouponAccess" name="test_customer_cannot_create_coupon" time="0.099" /></testsuite></testsuites>