<?xml version="1.0" encoding="utf-8"?><testsuites name="pytest tests"><testsuite name="pytest" errors="0" failures="0" skipped="0" tests="26" time="3.297" timestamp="2026-03-25T19:53:37.421224+00:00" hostname="agent-env-741addf3-9267-475c-a8bf-81f4bcbfd796"><testcase classname="backend.tests.test_market_pricing.TestMarketsEndpoint" name="test_get_markets_returns_200" time="0.212" /><testcase classname="backend.tests.test_market_pricing.TestMarketsEndpoint" name="test_get_markets_returns_20_markets" time="0.082" /><testcase classname="backend.tests.test_market_pricing.TestMarketsEndpoint" name="test_get_markets_has_correct_codes" time="0.051" /><testcase classname="backend.tests.test_market_pricing.TestMarketsEndpoint" name="test_get_markets_has_correct_currencies" time="0.048" /><testcase classname="backend.tests.test_market_pricing.TestMarketsEndpoint" name="test_get_markets_has_required_fields" time="0.048" /><testcase classname="backend.tests.test_market_pricing.TestExchangeRatesEndpoint" name="test_get_exchange_rates_returns_200" time="0.053" /><testcase classname="backend.tests.test_market_pricing.TestExchangeRatesEndpoint" name="test_get_exchange_rates_has_rates" time="0.048" /><testcase classname="backend.tests.test_market_pricing.TestExchangeRatesEndpoint" name="test_get_exchange_rates_try_is_base" time="0.052" /><testcase classname="backend.tests.test_market_pricing.TestExchangeRatesEndpoint" name="test_get_exchange_rates_has_all_currencies" time="0.056" /><testcase classname="backend.tests.test_market_pricing.TestExchangeRatesEndpoint" name="test_get_exchange_rates_has_source" time="0.056" /><testcase classname="backend.tests.test_market_pricing.TestConvertPriceEndpoint" name="test_convert_price_returns_200" time="0.056" /><testcase classname="backend.tests.test_market_pricing.TestConvertPriceEndpoint" name="test_convert_price_try_to_eur" time="0.048" /><testcase classname="backend.tests.test_market_pricing.TestConvertPriceEndpoint" name="test_convert_price_same_currency" time="0.057" /><testcase classname="backend.tests.test_market_pricing.TestConvertPriceEndpoint" name="test_convert_price_eur_to_usd" time="0.069" /><testcase classname="backend.tests.test_market_pricing.TestConvertPriceEndpoint" name="test_convert_price_all_currencies" time="0.314" /><testcase classname="backend.tests.test_market_pricing.TestMarketPricingEndpoints" name="test_post_market_pricing_requires_auth" time="0.653" /><testcase classname="backend.tests.test_market_pricing.TestMarketPricingEndpoints" name="test_post_market_pricing_single_market" time="0.390" /><testcase classname="backend.tests.test_market_pricing.TestMarketPricingEndpoints" name="test_post_market_pricing_bulk" time="0.072" /><testcase classname="backend.tests.test_market_pricing.TestMarketPricingEndpoints" name="test_get_market_pricing_for_room" time="0.056" /><testcase classname="backend.tests.test_market_pricing.TestMarketPricingEndpoints" name="test_get_all_markets_pricing" time="0.084" /><testcase classname="backend.tests.test_market_pricing.TestExchangeRatesUpdate" name="test_update_exchange_rates_requires_admin" time="0.067" /><testcase classname="backend.tests.test_market_pricing.TestExchangeRatesUpdate" name="test_update_exchange_rates_as_admin" time="0.345" /><testcase classname="backend.tests.test_market_pricing.TestExchangeRatesUpdate" name="test_updated_rates_are_persisted" time="0.069" /><testcase classname="backend.tests.test_market_pricing.TestMarketPricingValidation" name="test_market_pricing_invalid_room" time="0.061" /><testcase classname="backend.tests.test_market_pricing.TestMarketPricingValidation" name="test_bulk_pricing_weekends_only" time="0.058" /><testcase classname="backend.tests.test_market_pricing.TestMarketPricingValidation" name="test_bulk_pricing_weekdays_only" time="0.114" /></testsuite></testsuites>