<?xml version="1.0" encoding="utf-8"?><testsuites name="pytest tests"><testsuite name="pytest" errors="0" failures="0" skipped="0" tests="22" time="4.182" timestamp="2026-03-24T21:35:03.504848+00:00" hostname="agent-env-741addf3-9267-475c-a8bf-81f4bcbfd796"><testcase classname="backend.tests.test_metro_travel_api.TestHealthAndRoot" name="test_api_root" time="0.170" /><testcase classname="backend.tests.test_metro_travel_api.TestHealthAndRoot" name="test_cities_endpoint" time="0.065" /><testcase classname="backend.tests.test_metro_travel_api.TestAuthentication" name="test_register_new_user" time="0.274" /><testcase classname="backend.tests.test_metro_travel_api.TestAuthentication" name="test_register_hotel_owner" time="0.273" /><testcase classname="backend.tests.test_metro_travel_api.TestAuthentication" name="test_login_success" time="0.281" /><testcase classname="backend.tests.test_metro_travel_api.TestAuthentication" name="test_login_invalid_credentials" time="0.051" /><testcase classname="backend.tests.test_metro_travel_api.TestAuthentication" name="test_get_current_user" time="0.327" /><testcase classname="backend.tests.test_metro_travel_api.TestHotelSearch" name="test_search_hotels_basic" time="0.051" /><testcase classname="backend.tests.test_metro_travel_api.TestHotelSearch" name="test_search_hotels_by_city" time="0.049" /><testcase classname="backend.tests.test_metro_travel_api.TestHotelSearch" name="test_search_hotels_with_filters" time="0.048" /><testcase classname="backend.tests.test_metro_travel_api.TestHotelDetails" name="test_get_hotel_by_id" time="0.054" /><testcase classname="backend.tests.test_metro_travel_api.TestHotelDetails" name="test_get_hotel_not_found" time="0.048" /><testcase classname="backend.tests.test_metro_travel_api.TestHotelDetails" name="test_hotel_availability" time="0.050" /><testcase classname="backend.tests.test_metro_travel_api.TestHotelManagement" name="test_list_hotels" time="0.057" /><testcase classname="backend.tests.test_metro_travel_api.TestHotelManagement" name="test_get_owner_hotels" time="0.326" /><testcase classname="backend.tests.test_metro_travel_api.TestAdminEndpoints" name="test_admin_stats" time="0.339" /><testcase classname="backend.tests.test_metro_travel_api.TestAdminEndpoints" name="test_admin_list_hotels" time="0.326" /><testcase classname="backend.tests.test_metro_travel_api.TestAdminEndpoints" name="test_admin_list_users" time="0.327" /><testcase classname="backend.tests.test_metro_travel_api.TestAdminEndpoints" name="test_admin_list_bookings" time="0.320" /><testcase classname="backend.tests.test_metro_travel_api.TestAmenities" name="test_get_amenities" time="0.047" /><testcase classname="backend.tests.test_metro_travel_api.TestBookings" name="test_get_user_bookings" time="0.319" /><testcase classname="backend.tests.test_metro_travel_api.TestExtranetEndpoints" name="test_extranet_bookings" time="0.321" /></testsuite></testsuites>