<?xml version="1.0" encoding="utf-8"?><testsuites name="pytest tests"><testsuite name="pytest" errors="0" failures="0" skipped="0" tests="13" time="6.193" timestamp="2026-03-25T19:34:00.608474+00:00" hostname="agent-env-741addf3-9267-475c-a8bf-81f4bcbfd796"><testcase classname="backend.tests.test_registration.TestHotelRegistration" name="test_hotel_registration_success" time="0.582" /><testcase classname="backend.tests.test_registration.TestHotelRegistration" name="test_hotel_registration_with_full_data" time="0.472" /><testcase classname="backend.tests.test_registration.TestHotelRegistration" name="test_hotel_registration_upgrades_user_role" time="0.724" /><testcase classname="backend.tests.test_registration.TestHotelRegistration" name="test_hotel_registration_requires_auth" time="0.119" /><testcase classname="backend.tests.test_registration.TestAgencyRegistration" name="test_agency_registration_success" time="0.433" /><testcase classname="backend.tests.test_registration.TestAgencyRegistration" name="test_agency_registration_with_optional_fields" time="0.555" /><testcase classname="backend.tests.test_registration.TestAgencyRegistration" name="test_agency_registration_upgrades_user_role" time="0.750" /><testcase classname="backend.tests.test_registration.TestAgencyRegistration" name="test_agency_registration_requires_auth" time="0.254" /><testcase classname="backend.tests.test_registration.TestAgencyRegistration" name="test_agency_duplicate_email_rejected" time="0.926" /><testcase classname="backend.tests.test_registration.TestAuthEndpoints" name="test_login_with_valid_credentials" time="0.360" /><testcase classname="backend.tests.test_registration.TestAuthEndpoints" name="test_login_with_invalid_credentials" time="0.142" /><testcase classname="backend.tests.test_registration.TestAuthEndpoints" name="test_register_new_user" time="0.364" /><testcase classname="backend.tests.test_registration.TestAuthEndpoints" name="test_get_current_user" time="0.446" /></testsuite></testsuites>